0 info it worked if it ends with ok
1 verbose cli [
1 verbose cli   'C:\\Program Files\\nodejs\\node.exe',
1 verbose cli   'C:\\Program Files\\nodejs\\node_modules\\npm\\bin\\npm-cli.js',
1 verbose cli   'start'
1 verbose cli ]
2 info using npm@6.14.12
3 info using node@v14.16.1
4 verbose config Skipping project config: C:\Users\ciciliu/.npmrc. (matches userconfig)
5 verbose stack Error: ENOENT: no such file or directory, open 'C:\Users\ciciliu\package.json'
6 verbose cwd C:\Users\ciciliu\Desktop\react重新开始
7 verbose Windows_NT 10.0.19042
8 verbose argv "C:\\Program Files\\nodejs\\node.exe" "C:\\Program Files\\nodejs\\node_modules\\npm\\bin\\npm-cli.js" "start"
9 verbose node v14.16.1
10 verbose npm  v6.14.12
11 error code ENOENT
12 error syscall open
13 error path C:\Users\ciciliu\package.json
14 error errno -4058
15 error enoent ENOENT: no such file or directory, open 'C:\Users\ciciliu\package.json'
16 error enoent This is related to npm not being able to find a file.
17 verbose exit [ -4058, true ]
